<?xml version="1.0" encoding="UTF-8"?>
<testng-results skipped="0" failed="0" ignored="0" total="1" passed="1">
  <reporter-output>
  </reporter-output>
  <suite name="Default suite" duration-ms="148804" started-at="2020-03-10T05:48:09Z" finished-at="2020-03-10T05:50:38Z">
    <groups>
      <group name="cucumber">
        <method signature="AbstractTestNGCucumberTests.feature(cucumber.api.testng.CucumberFeatureWrapper)[pri:0, instance:cucumberrunner.cucumbermain@dd3b207]" name="feature" class="cucumber.api.testng.AbstractTestNGCucumberTests"/>
      </group> <!-- cucumber -->
    </groups>
    <test name="Default test" duration-ms="148804" started-at="2020-03-10T05:48:09Z" finished-at="2020-03-10T05:50:38Z">
      <class name="cucumberrunner.cucumbermain">
        <test-method status="PASS" signature="setUpClass()[pri:0, instance:cucumberrunner.cucumbermain@dd3b207]" name="setUpClass" is-config="true" duration-ms="184" started-at="2020-03-10T05:48:09Z" finished-at="2020-03-10T05:48:09Z">
          <reporter-output>
          </reporter-output>
        </test-method> <!-- setUpClass -->
        <test-method status="PASS" signature="setup()[pri:0, instance:cucumberrunner.cucumbermain@dd3b207]" name="setup" is-config="true" duration-ms="1" started-at="2020-03-10T05:48:09Z" finished-at="2020-03-10T05:48:09Z">
          <reporter-output>
          </reporter-output>
        </test-method> <!-- setup -->
        <test-method status="PASS" signature="feature(cucumber.api.testng.CucumberFeatureWrapper)[pri:0, instance:cucumberrunner.cucumbermain@dd3b207]" name="feature" duration-ms="148200" started-at="2020-03-10T05:48:09Z" description="Runs Cucumber Feature" data-provider="features" finished-at="2020-03-10T05:50:37Z">
          <params>
            <param index="0">
              <value>
                <![CDATA[Asset detail features]]>
              </value>
            </param>
          </params>
          <reporter-output>
          </reporter-output>
        </test-method> <!-- feature -->
        <test-method status="PASS" signature="teardown()[pri:0, instance:cucumberrunner.cucumbermain@dd3b207]" name="teardown" is-config="true" duration-ms="8" started-at="2020-03-10T05:50:37Z" finished-at="2020-03-10T05:50:37Z">
          <reporter-output>
          </reporter-output>
        </test-method> <!-- teardown -->
        <test-method status="PASS" signature="tearDownClass()[pri:0, instance:cucumberrunner.cucumbermain@dd3b207]" name="tearDownClass" is-config="true" duration-ms="328" started-at="2020-03-10T05:50:37Z" finished-at="2020-03-10T05:50:38Z">
          <reporter-output>
          </reporter-output>
        </test-method> <!-- tearDownClass -->
      </class> <!-- cucumberrunner.cucumbermain -->
    </test> <!-- Default test -->
  </suite> <!-- Default suite -->
</testng-results>
